<?xml version="1.0" encoding="UTF-8"?>
<testsuite xmlns:xsi="http://www.w3.org/2001/XMLSchema-instance" xsi:noNamespaceSchemaLocation="https://maven.apache.org/surefire/maven-surefire-plugin/xsd/surefire-test-report.xsd" name="runners.Runner" time="510.496" tests="90" errors="2" skipped="0" failures="0">
  <properties>
    <property name="sun.desktop" value="windows"/>
    <property name="awt.toolkit" value="sun.awt.windows.WToolkit"/>
    <property name="file.encoding.pkg" value="sun.io"/>
    <property name="java.specification.version" value="1.8"/>
    <property name="sun.cpu.isalist" value="pentium_pro+mmx pentium_pro pentium+mmx pentium i486 i386 i86"/>
    <property name="sun.jnu.encoding" value="Cp1254"/>
    <property name="java.class.path" value="C:\Users\ceng\Desktop\Cucumber4\target\test-classes;C:\Users\ceng\Desktop\Cucumber4\target\classes;C:\Users\ceng\.m2\repository\org\seleniumhq\selenium\selenium-java\3.141.59\selenium-java-3.141.59.jar;C:\Users\ceng\.m2\repository\org\seleniumhq\selenium\selenium-api\3.141.59\selenium-api-3.141.59.jar;C:\Users\ceng\.m2\repository\org\seleniumhq\selenium\selenium-chrome-driver\3.141.59\selenium-chrome-driver-3.141.59.jar;C:\Users\ceng\.m2\repository\org\seleniumhq\selenium\selenium-edge-driver\3.141.59\selenium-edge-driver-3.141.59.jar;C:\Users\ceng\.m2\repository\org\seleniumhq\selenium\selenium-firefox-driver\3.141.59\selenium-firefox-driver-3.141.59.jar;C:\Users\ceng\.m2\repository\org\seleniumhq\selenium\selenium-ie-driver\3.141.59\selenium-ie-driver-3.141.59.jar;C:\Users\ceng\.m2\repository\org\seleniumhq\selenium\selenium-opera-driver\3.141.59\selenium-opera-driver-3.141.59.jar;C:\Users\ceng\.m2\repository\org\seleniumhq\selenium\selenium-remote-driver\3.141.59\selenium-remote-driver-3.141.59.jar;C:\Users\ceng\.m2\repository\org\seleniumhq\selenium\selenium-safari-driver\3.141.59\selenium-safari-driver-3.141.59.jar;C:\Users\ceng\.m2\repository\org\seleniumhq\selenium\selenium-support\3.141.59\selenium-support-3.141.59.jar;C:\Users\ceng\.m2\repository\net\bytebuddy\byte-buddy\1.8.15\byte-buddy-1.8.15.jar;C:\Users\ceng\.m2\repository\org\apache\commons\commons-exec\1.3\commons-exec-1.3.jar;C:\Users\ceng\.m2\repository\com\google\guava\guava\25.0-jre\guava-25.0-jre.jar;C:\Users\ceng\.m2\repository\com\google\code\findbugs\jsr305\1.3.9\jsr305-1.3.9.jar;C:\Users\ceng\.m2\repository\org\checkerframework\checker-compat-qual\2.0.0\checker-compat-qual-2.0.0.jar;C:\Users\ceng\.m2\repository\com\google\errorprone\error_prone_annotations\2.1.3\error_prone_annotations-2.1.3.jar;C:\Users\ceng\.m2\repository\com\google\j2objc\j2objc-annotations\1.1\j2objc-annotations-1.1.jar;C:\Users\ceng\.m2\repository\org\codehaus\mojo\animal-sniffer-annotations\1.14\animal-sniffer-annotations-1.14.jar;C:\Users\ceng\.m2\repository\com\squareup\okhttp3\okhttp\3.11.0\okhttp-3.11.0.jar;C:\Users\ceng\.m2\repository\com\squareup\okio\okio\1.14.0\okio-1.14.0.jar;C:\Users\ceng\.m2\repository\io\github\bonigarcia\webdrivermanager\3.8.1\webdrivermanager-3.8.1.jar;C:\Users\ceng\.m2\repository\org\slf4j\slf4j-api\1.7.25\slf4j-api-1.7.25.jar;C:\Users\ceng\.m2\repository\commons-io\commons-io\2.6\commons-io-2.6.jar;C:\Users\ceng\.m2\repository\org\apache\commons\commons-lang3\3.8.1\commons-lang3-3.8.1.jar;C:\Users\ceng\.m2\repository\org\apache\httpcomponents\httpclient\4.5.6\httpclient-4.5.6.jar;C:\Users\ceng\.m2\repository\org\apache\httpcomponents\httpcore\4.4.10\httpcore-4.4.10.jar;C:\Users\ceng\.m2\repository\commons-logging\commons-logging\1.2\commons-logging-1.2.jar;C:\Users\ceng\.m2\repository\org\rauschig\jarchivelib\1.0.0\jarchivelib-1.0.0.jar;C:\Users\ceng\.m2\repository\org\jsoup\jsoup\1.11.3\jsoup-1.11.3.jar;C:\Users\ceng\.m2\repository\io\cucumber\cucumber-java\6.9.1\cucumber-java-6.9.1.jar;C:\Users\ceng\.m2\repository\io\cucumber\cucumber-core\6.9.1\cucumber-core-6.9.1.jar;C:\Users\ceng\.m2\repository\io\cucumber\cucumber-gherkin\6.9.1\cucumber-gherkin-6.9.1.jar;C:\Users\ceng\.m2\repository\io\cucumber\cucumber-gherkin-messages\6.9.1\cucumber-gherkin-messages-6.9.1.jar;C:\Users\ceng\.m2\repository\io\cucumber\messages\13.2.1\messages-13.2.1.jar;C:\Users\ceng\.m2\repository\io\cucumber\tag-expressions\3.0.0\tag-expressions-3.0.0.jar;C:\Users\ceng\.m2\repository\io\cucumber\cucumber-expressions\10.3.0\cucumber-expressions-10.3.0.jar;C:\Users\ceng\.m2\repository\io\cucumber\datatable\3.5.0\datatable-3.5.0.jar;C:\Users\ceng\.m2\repository\io\cucumber\cucumber-plugin\6.9.1\cucumber-plugin-6.9.1.jar;C:\Users\ceng\.m2\repository\io\cucumber\docstring\6.9.1\docstring-6.9.1.jar;C:\Users\ceng\.m2\repository\io\cucumber\html-formatter\9.0.0\html-formatter-9.0.0.jar;C:\Users\ceng\.m2\repository\io\cucumber\create-meta\2.0.4\create-meta-2.0.4.jar;C:\Users\ceng\.m2\repository\org\apiguardian\apiguardian-api\1.1.0\apiguardian-api-1.1.0.jar;C:\Users\ceng\.m2\repository\io\cucumber\cucumber-junit\6.9.1\cucumber-junit-6.9.1.jar;C:\Users\ceng\.m2\repository\junit\junit\4.13.1\junit-4.13.1.jar;C:\Users\ceng\.m2\repository\org\hamcrest\hamcrest-core\1.3\hamcrest-core-1.3.jar;C:\Users\ceng\.m2\repository\org\apache\poi\poi\4.1.2\poi-4.1.2.jar;C:\Users\ceng\.m2\repository\commons-codec\commons-codec\1.13\commons-codec-1.13.jar;C:\Users\ceng\.m2\repository\org\apache\commons\commons-collections4\4.4\commons-collections4-4.4.jar;C:\Users\ceng\.m2\repository\org\apache\commons\commons-math3\3.6.1\commons-math3-3.6.1.jar;C:\Users\ceng\.m2\repository\com\zaxxer\SparseBitSet\1.2\SparseBitSet-1.2.jar;C:\Users\ceng\.m2\repository\org\apache\poi\poi-ooxml\4.1.2\poi-ooxml-4.1.2.jar;C:\Users\ceng\.m2\repository\org\apache\poi\poi-ooxml-schemas\4.1.2\poi-ooxml-schemas-4.1.2.jar;C:\Users\ceng\.m2\repository\org\apache\xmlbeans\xmlbeans\3.1.0\xmlbeans-3.1.0.jar;C:\Users\ceng\.m2\repository\org\apache\commons\commons-compress\1.19\commons-compress-1.19.jar;C:\Users\ceng\.m2\repository\com\github\virtuald\curvesapi\1.06\curvesapi-1.06.jar;C:\Users\ceng\.m2\repository\io\rest-assured\rest-assured\4.4.0\rest-assured-4.4.0.jar;C:\Users\ceng\.m2\repository\org\codehaus\groovy\groovy\3.0.8\groovy-3.0.8.jar;C:\Users\ceng\.m2\repository\org\codehaus\groovy\groovy-xml\3.0.8\groovy-xml-3.0.8.jar;C:\Users\ceng\.m2\repository\org\apache\httpcomponents\httpmime\4.5.13\httpmime-4.5.13.jar;C:\Users\ceng\.m2\repository\org\hamcrest\hamcrest\2.1\hamcrest-2.1.jar;C:\Users\ceng\.m2\repository\org\ccil\cowan\tagsoup\tagsoup\1.2.1\tagsoup-1.2.1.jar;C:\Users\ceng\.m2\repository\io\rest-assured\json-path\4.4.0\json-path-4.4.0.jar;C:\Users\ceng\.m2\repository\org\codehaus\groovy\groovy-json\3.0.8\groovy-json-3.0.8.jar;C:\Users\ceng\.m2\repository\io\rest-assured\rest-assured-common\4.4.0\rest-assured-common-4.4.0.jar;C:\Users\ceng\.m2\repository\io\rest-assured\xml-path\4.4.0\xml-path-4.4.0.jar;C:\Users\ceng\.m2\repository\jakarta\xml\bind\jakarta.xml.bind-api\2.3.3\jakarta.xml.bind-api-2.3.3.jar;C:\Users\ceng\.m2\repository\jakarta\activation\jakarta.activation-api\1.2.2\jakarta.activation-api-1.2.2.jar;C:\Users\ceng\.m2\repository\com\sun\xml\bind\jaxb-impl\2.3.3\jaxb-impl-2.3.3.jar;C:\Users\ceng\.m2\repository\org\json\json\20190722\json-20190722.jar;C:\Users\ceng\.m2\repository\com\google\code\gson\gson\2.8.6\gson-2.8.6.jar;C:\Users\ceng\.m2\repository\com\github\javafaker\javafaker\1.0.2\javafaker-1.0.2.jar;C:\Users\ceng\.m2\repository\org\yaml\snakeyaml\1.23\snakeyaml-1.23-android.jar;C:\Users\ceng\.m2\repository\com\github\mifmif\generex\1.0.2\generex-1.0.2.jar;C:\Users\ceng\.m2\repository\dk\brics\automaton\automaton\1.11-8\automaton-1.11-8.jar;"/>
    <property name="java.vm.vendor" value="Oracle Corporation"/>
    <property name="sun.arch.data.model" value="32"/>
    <property name="user.variant" value=""/>
    <property name="java.vendor.url" value="http://java.oracle.com/"/>
    <property name="user.timezone" value="Asia/Istanbul"/>
    <property name="user.country.format" value="TR"/>
    <property name="java.vm.specification.version" value="1.8"/>
    <property name="os.name" value="Windows 10"/>
    <property name="user.country" value="US"/>
    <property name="sun.java.launcher" value="SUN_STANDARD"/>
    <property name="sun.boot.library.path" value="C:\Program Files (x86)\Java\jre1.8.0_291\bin"/>
    <property name="sun.java.command" value="C:\Users\ceng\AppData\Local\Temp\surefire4598119428687107940\surefirebooter2435814097039362279.jar C:\Users\ceng\AppData\Local\Temp\surefire4598119428687107940 2022-02-15T11-25-31_673-jvmRun1 surefire5400412370993100326tmp surefire_05876679835637008242tmp"/>
    <property name="surefire.test.class.path" value="C:\Users\ceng\Desktop\Cucumber4\target\test-classes;C:\Users\ceng\Desktop\Cucumber4\target\classes;C:\Users\ceng\.m2\repository\org\seleniumhq\selenium\selenium-java\3.141.59\selenium-java-3.141.59.jar;C:\Users\ceng\.m2\repository\org\seleniumhq\selenium\selenium-api\3.141.59\selenium-api-3.141.59.jar;C:\Users\ceng\.m2\repository\org\seleniumhq\selenium\selenium-chrome-driver\3.141.59\selenium-chrome-driver-3.141.59.jar;C:\Users\ceng\.m2\repository\org\seleniumhq\selenium\selenium-edge-driver\3.141.59\selenium-edge-driver-3.141.59.jar;C:\Users\ceng\.m2\repository\org\seleniumhq\selenium\selenium-firefox-driver\3.141.59\selenium-firefox-driver-3.141.59.jar;C:\Users\ceng\.m2\repository\org\seleniumhq\selenium\selenium-ie-driver\3.141.59\selenium-ie-driver-3.141.59.jar;C:\Users\ceng\.m2\repository\org\seleniumhq\selenium\selenium-opera-driver\3.141.59\selenium-opera-driver-3.141.59.jar;C:\Users\ceng\.m2\repository\org\seleniumhq\selenium\selenium-remote-driver\3.141.59\selenium-remote-driver-3.141.59.jar;C:\Users\ceng\.m2\repository\org\seleniumhq\selenium\selenium-safari-driver\3.141.59\selenium-safari-driver-3.141.59.jar;C:\Users\ceng\.m2\repository\org\seleniumhq\selenium\selenium-support\3.141.59\selenium-support-3.141.59.jar;C:\Users\ceng\.m2\repository\net\bytebuddy\byte-buddy\1.8.15\byte-buddy-1.8.15.jar;C:\Users\ceng\.m2\repository\org\apache\commons\commons-exec\1.3\commons-exec-1.3.jar;C:\Users\ceng\.m2\repository\com\google\guava\guava\25.0-jre\guava-25.0-jre.jar;C:\Users\ceng\.m2\repository\com\google\code\findbugs\jsr305\1.3.9\jsr305-1.3.9.jar;C:\Users\ceng\.m2\repository\org\checkerframework\checker-compat-qual\2.0.0\checker-compat-qual-2.0.0.jar;C:\Users\ceng\.m2\repository\com\google\errorprone\error_prone_annotations\2.1.3\error_prone_annotations-2.1.3.jar;C:\Users\ceng\.m2\repository\com\google\j2objc\j2objc-annotations\1.1\j2objc-annotations-1.1.jar;C:\Users\ceng\.m2\repository\org\codehaus\mojo\animal-sniffer-annotations\1.14\animal-sniffer-annotations-1.14.jar;C:\Users\ceng\.m2\repository\com\squareup\okhttp3\okhttp\3.11.0\okhttp-3.11.0.jar;C:\Users\ceng\.m2\repository\com\squareup\okio\okio\1.14.0\okio-1.14.0.jar;C:\Users\ceng\.m2\repository\io\github\bonigarcia\webdrivermanager\3.8.1\webdrivermanager-3.8.1.jar;C:\Users\ceng\.m2\repository\org\slf4j\slf4j-api\1.7.25\slf4j-api-1.7.25.jar;C:\Users\ceng\.m2\repository\commons-io\commons-io\2.6\commons-io-2.6.jar;C:\Users\ceng\.m2\repository\org\apache\commons\commons-lang3\3.8.1\commons-lang3-3.8.1.jar;C:\Users\ceng\.m2\repository\org\apache\httpcomponents\httpclient\4.5.6\httpclient-4.5.6.jar;C:\Users\ceng\.m2\repository\org\apache\httpcomponents\httpcore\4.4.10\httpcore-4.4.10.jar;C:\Users\ceng\.m2\repository\commons-logging\commons-logging\1.2\commons-logging-1.2.jar;C:\Users\ceng\.m2\repository\org\rauschig\jarchivelib\1.0.0\jarchivelib-1.0.0.jar;C:\Users\ceng\.m2\repository\org\jsoup\jsoup\1.11.3\jsoup-1.11.3.jar;C:\Users\ceng\.m2\repository\io\cucumber\cucumber-java\6.9.1\cucumber-java-6.9.1.jar;C:\Users\ceng\.m2\repository\io\cucumber\cucumber-core\6.9.1\cucumber-core-6.9.1.jar;C:\Users\ceng\.m2\repository\io\cucumber\cucumber-gherkin\6.9.1\cucumber-gherkin-6.9.1.jar;C:\Users\ceng\.m2\repository\io\cucumber\cucumber-gherkin-messages\6.9.1\cucumber-gherkin-messages-6.9.1.jar;C:\Users\ceng\.m2\repository\io\cucumber\messages\13.2.1\messages-13.2.1.jar;C:\Users\ceng\.m2\repository\io\cucumber\tag-expressions\3.0.0\tag-expressions-3.0.0.jar;C:\Users\ceng\.m2\repository\io\cucumber\cucumber-expressions\10.3.0\cucumber-expressions-10.3.0.jar;C:\Users\ceng\.m2\repository\io\cucumber\datatable\3.5.0\datatable-3.5.0.jar;C:\Users\ceng\.m2\repository\io\cucumber\cucumber-plugin\6.9.1\cucumber-plugin-6.9.1.jar;C:\Users\ceng\.m2\repository\io\cucumber\docstring\6.9.1\docstring-6.9.1.jar;C:\Users\ceng\.m2\repository\io\cucumber\html-formatter\9.0.0\html-formatter-9.0.0.jar;C:\Users\ceng\.m2\repository\io\cucumber\create-meta\2.0.4\create-meta-2.0.4.jar;C:\Users\ceng\.m2\repository\org\apiguardian\apiguardian-api\1.1.0\apiguardian-api-1.1.0.jar;C:\Users\ceng\.m2\repository\io\cucumber\cucumber-junit\6.9.1\cucumber-junit-6.9.1.jar;C:\Users\ceng\.m2\repository\junit\junit\4.13.1\junit-4.13.1.jar;C:\Users\ceng\.m2\repository\org\hamcrest\hamcrest-core\1.3\hamcrest-core-1.3.jar;C:\Users\ceng\.m2\repository\org\apache\poi\poi\4.1.2\poi-4.1.2.jar;C:\Users\ceng\.m2\repository\commons-codec\commons-codec\1.13\commons-codec-1.13.jar;C:\Users\ceng\.m2\repository\org\apache\commons\commons-collections4\4.4\commons-collections4-4.4.jar;C:\Users\ceng\.m2\repository\org\apache\commons\commons-math3\3.6.1\commons-math3-3.6.1.jar;C:\Users\ceng\.m2\repository\com\zaxxer\SparseBitSet\1.2\SparseBitSet-1.2.jar;C:\Users\ceng\.m2\repository\org\apache\poi\poi-ooxml\4.1.2\poi-ooxml-4.1.2.jar;C:\Users\ceng\.m2\repository\org\apache\poi\poi-ooxml-schemas\4.1.2\poi-ooxml-schemas-4.1.2.jar;C:\Users\ceng\.m2\repository\org\apache\xmlbeans\xmlbeans\3.1.0\xmlbeans-3.1.0.jar;C:\Users\ceng\.m2\repository\org\apache\commons\commons-compress\1.19\commons-compress-1.19.jar;C:\Users\ceng\.m2\repository\com\github\virtuald\curvesapi\1.06\curvesapi-1.06.jar;C:\Users\ceng\.m2\repository\io\rest-assured\rest-assured\4.4.0\rest-assured-4.4.0.jar;C:\Users\ceng\.m2\repository\org\codehaus\groovy\groovy\3.0.8\groovy-3.0.8.jar;C:\Users\ceng\.m2\repository\org\codehaus\groovy\groovy-xml\3.0.8\groovy-xml-3.0.8.jar;C:\Users\ceng\.m2\repository\org\apache\httpcomponents\httpmime\4.5.13\httpmime-4.5.13.jar;C:\Users\ceng\.m2\repository\org\hamcrest\hamcrest\2.1\hamcrest-2.1.jar;C:\Users\ceng\.m2\repository\org\ccil\cowan\tagsoup\tagsoup\1.2.1\tagsoup-1.2.1.jar;C:\Users\ceng\.m2\repository\io\rest-assured\json-path\4.4.0\json-path-4.4.0.jar;C:\Users\ceng\.m2\repository\org\codehaus\groovy\groovy-json\3.0.8\groovy-json-3.0.8.jar;C:\Users\ceng\.m2\repository\io\rest-assured\rest-assured-common\4.4.0\rest-assured-common-4.4.0.jar;C:\Users\ceng\.m2\repository\io\rest-assured\xml-path\4.4.0\xml-path-4.4.0.jar;C:\Users\ceng\.m2\repository\jakarta\xml\bind\jakarta.xml.bind-api\2.3.3\jakarta.xml.bind-api-2.3.3.jar;C:\Users\ceng\.m2\repository\jakarta\activation\jakarta.activation-api\1.2.2\jakarta.activation-api-1.2.2.jar;C:\Users\ceng\.m2\repository\com\sun\xml\bind\jaxb-impl\2.3.3\jaxb-impl-2.3.3.jar;C:\Users\ceng\.m2\repository\org\json\json\20190722\json-20190722.jar;C:\Users\ceng\.m2\repository\com\google\code\gson\gson\2.8.6\gson-2.8.6.jar;C:\Users\ceng\.m2\repository\com\github\javafaker\javafaker\1.0.2\javafaker-1.0.2.jar;C:\Users\ceng\.m2\repository\org\yaml\snakeyaml\1.23\snakeyaml-1.23-android.jar;C:\Users\ceng\.m2\repository\com\github\mifmif\generex\1.0.2\generex-1.0.2.jar;C:\Users\ceng\.m2\repository\dk\brics\automaton\automaton\1.11-8\automaton-1.11-8.jar;"/>
    <property name="sun.cpu.endian" value="little"/>
    <property name="user.home" value="C:\Users\ceng"/>
    <property name="user.language" value="en"/>
    <property name="java.specification.vendor" value="Oracle Corporation"/>
    <property name="java.home" value="C:\Program Files (x86)\Java\jre1.8.0_291"/>
    <property name="basedir" value="C:\Users\ceng\Desktop\Cucumber4"/>
    <property name="file.separator" value="\"/>
    <property name="line.separator" value="&#10;"/>
    <property name="java.vm.specification.vendor" value="Oracle Corporation"/>
    <property name="java.specification.name" value="Java Platform API Specification"/>
    <property name="java.awt.graphicsenv" value="sun.awt.Win32GraphicsEnvironment"/>
    <property name="surefire.real.class.path" value="C:\Users\ceng\AppData\Local\Temp\surefire4598119428687107940\surefirebooter2435814097039362279.jar"/>
    <property name="sun.boot.class.path" value="C:\Program Files (x86)\Java\jre1.8.0_291\lib\resources.jar;C:\Program Files (x86)\Java\jre1.8.0_291\lib\rt.jar;C:\Program Files (x86)\Java\jre1.8.0_291\lib\sunrsasign.jar;C:\Program Files (x86)\Java\jre1.8.0_291\lib\jsse.jar;C:\Program Files (x86)\Java\jre1.8.0_291\lib\jce.jar;C:\Program Files (x86)\Java\jre1.8.0_291\lib\charsets.jar;C:\Program Files (x86)\Java\jre1.8.0_291\lib\jfr.jar;C:\Program Files (x86)\Java\jre1.8.0_291\classes"/>
    <property name="user.script" value=""/>
    <property name="sun.management.compiler" value="HotSpot Client Compiler"/>
    <property name="java.runtime.version" value="1.8.0_291-b10"/>
    <property name="user.name" value="ceng"/>
    <property name="path.separator" value=";"/>
    <property name="os.version" value="10.0"/>
    <property name="java.endorsed.dirs" value="C:\Program Files (x86)\Java\jre1.8.0_291\lib\endorsed"/>
    <property name="java.runtime.name" value="Java(TM) SE Runtime Environment"/>
    <property name="file.encoding" value="Cp1254"/>
    <property name="java.vm.name" value="Java HotSpot(TM) Client VM"/>
    <property name="localRepository" value="C:\Users\ceng\.m2\repository"/>
    <property name="cucumber.options" value="--tags @smoke"/>
    <property name="java.vendor.url.bug" value="http://bugreport.sun.com/bugreport/"/>
    <property name="java.io.tmpdir" value="C:\Users\ceng\AppData\Local\Temp\"/>
    <property name="java.version" value="1.8.0_291"/>
    <property name="user.dir" value="C:\Users\ceng\Desktop\Cucumber4"/>
    <property name="os.arch" value="x86"/>
    <property name="java.vm.specification.name" value="Java Virtual Machine Specification"/>
    <property name="java.awt.printerjob" value="sun.awt.windows.WPrinterJob"/>
    <property name="user.language.format" value="tr"/>
    <property name="sun.os.patch.level" value=""/>
    <property name="java.library.path" value="C:\Program Files (x86)\Java\jre1.8.0_291\bin;C:\Windows\Sun\Java\bin;C:\Windows\system32;C:\Windows;C:\Program Files (x86)\VMware\VMware Player\bin\;C:\Program Files (x86)\AMD APP\bin\x86_64;C:\Program Files (x86)\AMD APP\bin\x86;C:\Program Files (x86)\Common Files\Oracle\Java\javapath;C:\Windows\system32;C:\Windows;C:\Windows\System32\Wbem;C:\Windows\System32\WindowsPowerShell\v1.0\;C:\Program Files (x86)\ATI Technologies\ATI.ACE\Core-Static;C:\Program Files\Git\cmd;C:\Program Files\nodejs\;C:\Users\ceng\AppData\Local\Microsoft\WindowsApps;C:\Users\ceng\AppData\Local\atom\bin;C:\Program Files\apache-maven-3.8.1\bin;C:\Users\ceng\AppData\Local\hyper\app-3.0.2\resources\bin;C:\Users\ceng\AppData\Roaming\npm;C:\adb;C:\Program Files (x86)\AMD\ATI.ACE\Core-Static;C:\Users\ceng\AppData\Local\Programs\Python\Python39\Scripts\;C:\Users\ceng\AppData\Local\Programs\Python\Python39\;C:\Users\ceng\AppData\Local\Microsoft\WindowsApps;C:\Users\ceng\AppData\Local\atom\bin;C:\Program Files\apache-maven-3.8.1\bin;C:\Users\ceng\AppData\Local\hyper\app-3.0.2\resources\bin;C:\Users\ceng\AppData\Roaming\npm;C:\Program Files\nodejs;C:\Users\ceng\AppData\Local\Programs\Microsoft VS Code\bin;C:\Users\ceng\anaconda3\Library;C:\Users\ceng\anaconda3\Scripts;C:\Users\ceng\anaconda3\condabin;C:\Users\ceng\AppData\Local\Programs\MiKTeX;."/>
    <property name="java.vm.info" value="mixed mode, sharing"/>
    <property name="java.vendor" value="Oracle Corporation"/>
    <property name="java.vm.version" value="25.291-b10"/>
    <property name="java.ext.dirs" value="C:\Program Files (x86)\Java\jre1.8.0_291\lib\ext;C:\Windows\Sun\Java\lib\ext"/>
    <property name="sun.io.unicode.encoding" value="UnicodeLittle"/>
    <property name="java.class.version" value="52.0"/>
  </properties>
  <testcase name="(Deneme API - Kullanıcı Bilgileri)" classname="Deneme API - Kullanıcı Bilgileri" time="5.149">
    <error message="Connection refused: connect" type="java.net.ConnectException">java.net.ConnectException: Connection refused: connect
</error>
  </testcase>
  <testcase name="kullanici bilgilerini alir" classname="Deneme API - Kullanıcı Bilgileri" time="2.139">
    <error message="Connection refused: connect" type="java.net.ConnectException">java.net.ConnectException: Connection refused: connect
</error>
  </testcase>
  <testcase name="TC_001_US_027 I should be able to login with the data used for registration." classname="US_027	Bir kullanıcı olarak &quot;/signup&quot; sayfasına girdiğimde, sisteme kayıt olabilmeli ve oluşturduğum kayıt ile sisteme giriş yapabilmeliyim." time="19.304"/>
  <testcase name=" #1" classname="US_031	Bir kullanıcı olarak &quot;Ev Değişimi&quot; ilan oluşturma sayfasında, 1. stepte &quot;Ev Tipi&quot; bilgisini girebilmeliyim." time="14.892"/>
  <testcase name=" #2" classname="US_031	Bir kullanıcı olarak &quot;Ev Değişimi&quot; ilan oluşturma sayfasında, 1. stepte &quot;Ev Tipi&quot; bilgisini girebilmeliyim." time="14.652"/>
  <testcase name=" #3" classname="US_031	Bir kullanıcı olarak &quot;Ev Değişimi&quot; ilan oluşturma sayfasında, 1. stepte &quot;Ev Tipi&quot; bilgisini girebilmeliyim." time="15.243"/>
  <testcase name=" #1" classname="US_032	Bir kullanıcı olarak &quot;Ev Değişimi&quot; ilan oluşturma sayfasında, 1. stepten 2. stepe geçiş yapabilmeliyim." time="15.892"/>
  <testcase name=" #2" classname="US_032	Bir kullanıcı olarak &quot;Ev Değişimi&quot; ilan oluşturma sayfasında, 1. stepten 2. stepe geçiş yapabilmeliyim." time="15.261"/>
  <testcase name=" #3" classname="US_032	Bir kullanıcı olarak &quot;Ev Değişimi&quot; ilan oluşturma sayfasında, 1. stepten 2. stepe geçiş yapabilmeliyim." time="15.757"/>
  <testcase name="TC_001_US_053_i should be able to add up to ten photos" classname="US_053	Bir kullanıcı olarak &quot;Ev Değişimi&quot; ilan oluşturma sayfasında, 10. stepte en az 5 en fazla 10 tane resim ekleyebilmeliyim." time="23.386"/>
  <testcase name="TC_002_US_053_i should be able to add at least five photos" classname="US_053	Bir kullanıcı olarak &quot;Ev Değişimi&quot; ilan oluşturma sayfasında, 10. stepte en az 5 en fazla 10 tane resim ekleyebilmeliyim." time="22.357"/>
  <testcase name="TC_003_US_053_ &quot;Resimleri Kaydet&quot; button should be clickable after adding five photos" classname="US_053	Bir kullanıcı olarak &quot;Ev Değişimi&quot; ilan oluşturma sayfasında, 10. stepte en az 5 en fazla 10 tane resim ekleyebilmeliyim." time="22.443"/>
  <testcase name="TC_001_US_055 and TC_002_US_055 #1" classname="US_055	Bir kullanıcı olarak &quot;Ev Değişimi&quot; ilan oluşturma sayfasında, ilk adım hariç diğer adımlarda geriye dönebilmeliyim." time="30.504"/>
  <testcase name="TC_001_US_055 and TC_002_US_055 #2" classname="US_055	Bir kullanıcı olarak &quot;Ev Değişimi&quot; ilan oluşturma sayfasında, ilk adım hariç diğer adımlarda geriye dönebilmeliyim." time="30.157"/>
  <testcase name="TC_001_US_055 and TC_002_US_055 #3" classname="US_055	Bir kullanıcı olarak &quot;Ev Değişimi&quot; ilan oluşturma sayfasında, ilk adım hariç diğer adımlarda geriye dönebilmeliyim." time="30.732"/>
  <testcase name="TC_001_US_007	&quot;Popüler İlanlar&quot; should be visible." classname="US_007	Bir kullanıcı olarak ana sayfaya girdiğimde, &quot;Popüler İlanlar&quot; bölümünü görebilmeliyim." time="9.128"/>
  <testcase name="TC_002_US_007 &quot;Ev Değişimi&quot;, &quot;Oda Kirala&quot; and &quot;Bed &amp; Breakfast&quot; should be located." classname="US_007	Bir kullanıcı olarak ana sayfaya girdiğimde, &quot;Popüler İlanlar&quot; bölümünü görebilmeliyim." time="9.389"/>
  <testcase name="TC_003_US_007	&quot;Ev Değişimi&quot;, &quot;Oda Kirala&quot; and &quot;Bed &amp; Breakfast&quot; should be clickable." classname="US_007	Bir kullanıcı olarak ana sayfaya girdiğimde, &quot;Popüler İlanlar&quot; bölümünü görebilmeliyim." time="9.603"/>
  <testcase name="TC_004_US_007	&quot;Ev Değişimi&quot;, &quot;Oda Kirala&quot; and &quot;Bed &amp; Breakfast&quot; should contain only its own posts. #1" classname="US_007	Bir kullanıcı olarak ana sayfaya girdiğimde, &quot;Popüler İlanlar&quot; bölümünü görebilmeliyim." time="10.05"/>
  <testcase name="TC_004_US_007	&quot;Ev Değişimi&quot;, &quot;Oda Kirala&quot; and &quot;Bed &amp; Breakfast&quot; should contain only its own posts. #2" classname="US_007	Bir kullanıcı olarak ana sayfaya girdiğimde, &quot;Popüler İlanlar&quot; bölümünü görebilmeliyim." time="19.255"/>
  <testcase name="TC_004_US_007	&quot;Ev Değişimi&quot;, &quot;Oda Kirala&quot; and &quot;Bed &amp; Breakfast&quot; should contain only its own posts. #3" classname="US_007	Bir kullanıcı olarak ana sayfaya girdiğimde, &quot;Popüler İlanlar&quot; bölümünü görebilmeliyim." time="19.356"/>
  <testcase name="TC_001_US_082_positive" classname="US_082	Bir kullanıcı olarak &quot;/api/user/account&quot; sayfasına &quot;post&quot; tipinde bağlandığımda gönderdiğim bilgiler ile kullanıcı oluşturulmalıdır." time="3.05"/>
  <testcase name="TC_002_US_082_negative1" classname="US_082	Bir kullanıcı olarak &quot;/api/user/account&quot; sayfasına &quot;post&quot; tipinde bağlandığımda gönderdiğim bilgiler ile kullanıcı oluşturulmalıdır." time="0.532"/>
  <testcase name="TC_003_US_082_negative2" classname="US_082	Bir kullanıcı olarak &quot;/api/user/account&quot; sayfasına &quot;post&quot; tipinde bağlandığımda gönderdiğim bilgiler ile kullanıcı oluşturulmalıdır." time="0.832"/>
  <testcase name="TC_001_US_093" classname="US_093	Bir kullanıcı olarak &quot;/api/homes/homepage/ilans&quot; sayfasına &quot;get&quot; tipinde bağlandığımda popüler ev ilanlarını görebilmeliyim.." time="2.222"/>
  <testcase name="TC_001_US_094_positive" classname="US_094	Bir kullanıcı olarak &quot;/api/rooms&quot; sayfasına &quot;post&quot; tipinde bağlandığımda gönderilen bilgiler ile yeni bir oda değişimi ilanı oluşturabilmeylim." time="0.5"/>
  <testcase name="TC_001_US_094_negative1 - without secret_token" classname="US_094	Bir kullanıcı olarak &quot;/api/rooms&quot; sayfasına &quot;post&quot; tipinde bağlandığımda gönderilen bilgiler ile yeni bir oda değişimi ilanı oluşturabilmeylim." time="1.27"/>
  <testcase name="TC_001_US_094_negative2 - without one required data #1" classname="US_094	Bir kullanıcı olarak &quot;/api/rooms&quot; sayfasına &quot;post&quot; tipinde bağlandığımda gönderilen bilgiler ile yeni bir oda değişimi ilanı oluşturabilmeylim." time="1.449"/>
  <testcase name="TC_001_US_094_negative2 - without one required data #2" classname="US_094	Bir kullanıcı olarak &quot;/api/rooms&quot; sayfasına &quot;post&quot; tipinde bağlandığımda gönderilen bilgiler ile yeni bir oda değişimi ilanı oluşturabilmeylim." time="1.502"/>
  <testcase name="TC_001_US_094_negative2 - without one required data #3" classname="US_094	Bir kullanıcı olarak &quot;/api/rooms&quot; sayfasına &quot;post&quot; tipinde bağlandığımda gönderilen bilgiler ile yeni bir oda değişimi ilanı oluşturabilmeylim." time="1.465"/>
  <testcase name="TC_001_US_094_negative2 - without one required data #4" classname="US_094	Bir kullanıcı olarak &quot;/api/rooms&quot; sayfasına &quot;post&quot; tipinde bağlandığımda gönderilen bilgiler ile yeni bir oda değişimi ilanı oluşturabilmeylim." time="1.442"/>
  <testcase name="TC_001_US_094_negative2 - without one required data #5" classname="US_094	Bir kullanıcı olarak &quot;/api/rooms&quot; sayfasına &quot;post&quot; tipinde bağlandığımda gönderilen bilgiler ile yeni bir oda değişimi ilanı oluşturabilmeylim." time="1.461"/>
  <testcase name="TC_001_US_094_negative2 - without one required data #6" classname="US_094	Bir kullanıcı olarak &quot;/api/rooms&quot; sayfasına &quot;post&quot; tipinde bağlandığımda gönderilen bilgiler ile yeni bir oda değişimi ilanı oluşturabilmeylim." time="1.479"/>
  <testcase name="TC_001_US_094_negative2 - without one required data #7" classname="US_094	Bir kullanıcı olarak &quot;/api/rooms&quot; sayfasına &quot;post&quot; tipinde bağlandığımda gönderilen bilgiler ile yeni bir oda değişimi ilanı oluşturabilmeylim." time="1.486"/>
  <testcase name="TC_001_US_094_negative2 - without one required data #8" classname="US_094	Bir kullanıcı olarak &quot;/api/rooms&quot; sayfasına &quot;post&quot; tipinde bağlandığımda gönderilen bilgiler ile yeni bir oda değişimi ilanı oluşturabilmeylim." time="1.718"/>
  <testcase name="TC_001_US_094_negative2 - without one required data #9" classname="US_094	Bir kullanıcı olarak &quot;/api/rooms&quot; sayfasına &quot;post&quot; tipinde bağlandığımda gönderilen bilgiler ile yeni bir oda değişimi ilanı oluşturabilmeylim." time="1.64"/>
  <testcase name="TC_001_US_094_negative2 - without one required data #10" classname="US_094	Bir kullanıcı olarak &quot;/api/rooms&quot; sayfasına &quot;post&quot; tipinde bağlandığımda gönderilen bilgiler ile yeni bir oda değişimi ilanı oluşturabilmeylim." time="1.565"/>
  <testcase name="TC_001_US_094_negative2 - without one required data #11" classname="US_094	Bir kullanıcı olarak &quot;/api/rooms&quot; sayfasına &quot;post&quot; tipinde bağlandığımda gönderilen bilgiler ile yeni bir oda değişimi ilanı oluşturabilmeylim." time="1.624"/>
  <testcase name="TC_001_US_094_negative2 - without one required data #12" classname="US_094	Bir kullanıcı olarak &quot;/api/rooms&quot; sayfasına &quot;post&quot; tipinde bağlandığımda gönderilen bilgiler ile yeni bir oda değişimi ilanı oluşturabilmeylim." time="1.633"/>
  <testcase name="TC_001_US_094_negative2 - without one required data #13" classname="US_094	Bir kullanıcı olarak &quot;/api/rooms&quot; sayfasına &quot;post&quot; tipinde bağlandığımda gönderilen bilgiler ile yeni bir oda değişimi ilanı oluşturabilmeylim." time="1.587"/>
  <testcase name="TC_001_US_094_negative2 - without one required data #14" classname="US_094	Bir kullanıcı olarak &quot;/api/rooms&quot; sayfasına &quot;post&quot; tipinde bağlandığımda gönderilen bilgiler ile yeni bir oda değişimi ilanı oluşturabilmeylim." time="1.502"/>
  <testcase name="TC_001_US_094_negative2 - without one required data #15" classname="US_094	Bir kullanıcı olarak &quot;/api/rooms&quot; sayfasına &quot;post&quot; tipinde bağlandığımda gönderilen bilgiler ile yeni bir oda değişimi ilanı oluşturabilmeylim." time="1.449"/>
  <testcase name="TC_001_US_094_negative2 - without one required data #16" classname="US_094	Bir kullanıcı olarak &quot;/api/rooms&quot; sayfasına &quot;post&quot; tipinde bağlandığımda gönderilen bilgiler ile yeni bir oda değişimi ilanı oluşturabilmeylim." time="1.637"/>
  <testcase name="TC_001_US_094_negative2 - without one required data #17" classname="US_094	Bir kullanıcı olarak &quot;/api/rooms&quot; sayfasına &quot;post&quot; tipinde bağlandığımda gönderilen bilgiler ile yeni bir oda değişimi ilanı oluşturabilmeylim." time="1.533"/>
  <testcase name="TC_001_US_094_negative2 - without one required data #18" classname="US_094	Bir kullanıcı olarak &quot;/api/rooms&quot; sayfasına &quot;post&quot; tipinde bağlandığımda gönderilen bilgiler ile yeni bir oda değişimi ilanı oluşturabilmeylim." time="1.486"/>
  <testcase name="TC_001_US_094_negative2 - without one required data #19" classname="US_094	Bir kullanıcı olarak &quot;/api/rooms&quot; sayfasına &quot;post&quot; tipinde bağlandığımda gönderilen bilgiler ile yeni bir oda değişimi ilanı oluşturabilmeylim." time="1.418"/>
  <testcase name="TC_001_US_094_negative2 - without one required data #20" classname="US_094	Bir kullanıcı olarak &quot;/api/rooms&quot; sayfasına &quot;post&quot; tipinde bağlandığımda gönderilen bilgiler ile yeni bir oda değişimi ilanı oluşturabilmeylim." time="1.402"/>
  <testcase name="TC_001_US_094_negative2 - without one required data #21" classname="US_094	Bir kullanıcı olarak &quot;/api/rooms&quot; sayfasına &quot;post&quot; tipinde bağlandığımda gönderilen bilgiler ile yeni bir oda değişimi ilanı oluşturabilmeylim." time="1.586"/>
  <testcase name="TC_001_US_094_negative2 - without one required data #22" classname="US_094	Bir kullanıcı olarak &quot;/api/rooms&quot; sayfasına &quot;post&quot; tipinde bağlandığımda gönderilen bilgiler ile yeni bir oda değişimi ilanı oluşturabilmeylim." time="1.402"/>
  <testcase name="TC_001_US_094_negative2 - without one required data #23" classname="US_094	Bir kullanıcı olarak &quot;/api/rooms&quot; sayfasına &quot;post&quot; tipinde bağlandığımda gönderilen bilgiler ile yeni bir oda değişimi ilanı oluşturabilmeylim." time="1.541"/>
  <testcase name="TC_001_US_094_negative2 - without one required data #24" classname="US_094	Bir kullanıcı olarak &quot;/api/rooms&quot; sayfasına &quot;post&quot; tipinde bağlandığımda gönderilen bilgiler ile yeni bir oda değişimi ilanı oluşturabilmeylim." time="1.478"/>
  <testcase name="TC_001_US_094_negative2 - without one required data #25" classname="US_094	Bir kullanıcı olarak &quot;/api/rooms&quot; sayfasına &quot;post&quot; tipinde bağlandığımda gönderilen bilgiler ile yeni bir oda değişimi ilanı oluşturabilmeylim." time="1.464"/>
  <testcase name="TC_001_US_094_negative2 - without one required data #26" classname="US_094	Bir kullanıcı olarak &quot;/api/rooms&quot; sayfasına &quot;post&quot; tipinde bağlandığımda gönderilen bilgiler ile yeni bir oda değişimi ilanı oluşturabilmeylim." time="1.503"/>
  <testcase name="TC_001_US_094_negative2 - without one required data #27" classname="US_094	Bir kullanıcı olarak &quot;/api/rooms&quot; sayfasına &quot;post&quot; tipinde bağlandığımda gönderilen bilgiler ile yeni bir oda değişimi ilanı oluşturabilmeylim." time="1.622"/>
  <testcase name="TC_001_US_094_negative2 - without one required data #28" classname="US_094	Bir kullanıcı olarak &quot;/api/rooms&quot; sayfasına &quot;post&quot; tipinde bağlandığımda gönderilen bilgiler ile yeni bir oda değişimi ilanı oluşturabilmeylim." time="1.549"/>
  <testcase name="TC_001_US_094_negative2 - without one required data #29" classname="US_094	Bir kullanıcı olarak &quot;/api/rooms&quot; sayfasına &quot;post&quot; tipinde bağlandığımda gönderilen bilgiler ile yeni bir oda değişimi ilanı oluşturabilmeylim." time="1.556"/>
  <testcase name="TC_001_US_094_negative2 - without one required data #30" classname="US_094	Bir kullanıcı olarak &quot;/api/rooms&quot; sayfasına &quot;post&quot; tipinde bağlandığımda gönderilen bilgiler ile yeni bir oda değişimi ilanı oluşturabilmeylim." time="1.517"/>
  <testcase name="TC_001_US_094_negative2 - without one required data #31" classname="US_094	Bir kullanıcı olarak &quot;/api/rooms&quot; sayfasına &quot;post&quot; tipinde bağlandığımda gönderilen bilgiler ile yeni bir oda değişimi ilanı oluşturabilmeylim." time="1.649"/>
  <testcase name="TC_001_US_094_negative2 - without one required data #32" classname="US_094	Bir kullanıcı olarak &quot;/api/rooms&quot; sayfasına &quot;post&quot; tipinde bağlandığımda gönderilen bilgiler ile yeni bir oda değişimi ilanı oluşturabilmeylim." time="2.097"/>
  <testcase name="TC_001_US_094_negative2 - without one required data #33" classname="US_094	Bir kullanıcı olarak &quot;/api/rooms&quot; sayfasına &quot;post&quot; tipinde bağlandığımda gönderilen bilgiler ile yeni bir oda değişimi ilanı oluşturabilmeylim." time="1.517"/>
  <testcase name="TC_001_US_094_negative2 - without one required data #34" classname="US_094	Bir kullanıcı olarak &quot;/api/rooms&quot; sayfasına &quot;post&quot; tipinde bağlandığımda gönderilen bilgiler ile yeni bir oda değişimi ilanı oluşturabilmeylim." time="1.648"/>
  <testcase name="TC_001_US_094_negative2 - without one required data #35" classname="US_094	Bir kullanıcı olarak &quot;/api/rooms&quot; sayfasına &quot;post&quot; tipinde bağlandığımda gönderilen bilgiler ile yeni bir oda değişimi ilanı oluşturabilmeylim." time="1.555"/>
  <testcase name="TC_001_US_094_negative2 - without one required data #36" classname="US_094	Bir kullanıcı olarak &quot;/api/rooms&quot; sayfasına &quot;post&quot; tipinde bağlandığımda gönderilen bilgiler ile yeni bir oda değişimi ilanı oluşturabilmeylim." time="1.77"/>
  <testcase name="TC_001_US_094_negative2 - without one required data #37" classname="US_094	Bir kullanıcı olarak &quot;/api/rooms&quot; sayfasına &quot;post&quot; tipinde bağlandığımda gönderilen bilgiler ile yeni bir oda değişimi ilanı oluşturabilmeylim." time="1.503"/>
  <testcase name="TC_001_US_094_negative2 - without one required data #38" classname="US_094	Bir kullanıcı olarak &quot;/api/rooms&quot; sayfasına &quot;post&quot; tipinde bağlandığımda gönderilen bilgiler ile yeni bir oda değişimi ilanı oluşturabilmeylim." time="1.401"/>
  <testcase name="TC_001_US_094_negative2 - without one required data #39" classname="US_094	Bir kullanıcı olarak &quot;/api/rooms&quot; sayfasına &quot;post&quot; tipinde bağlandığımda gönderilen bilgiler ile yeni bir oda değişimi ilanı oluşturabilmeylim." time="1.466"/>
  <testcase name="TC_001_US_094_negative2 - without one required data #40" classname="US_094	Bir kullanıcı olarak &quot;/api/rooms&quot; sayfasına &quot;post&quot; tipinde bağlandığımda gönderilen bilgiler ile yeni bir oda değişimi ilanı oluşturabilmeylim." time="1.57"/>
  <testcase name="TC_001_US_094_negative2 - without one required data #41" classname="US_094	Bir kullanıcı olarak &quot;/api/rooms&quot; sayfasına &quot;post&quot; tipinde bağlandığımda gönderilen bilgiler ile yeni bir oda değişimi ilanı oluşturabilmeylim." time="1.534"/>
  <testcase name="TC_001_US_094_negative2 - without one required data #42" classname="US_094	Bir kullanıcı olarak &quot;/api/rooms&quot; sayfasına &quot;post&quot; tipinde bağlandığımda gönderilen bilgiler ile yeni bir oda değişimi ilanı oluşturabilmeylim." time="1.486"/>
  <testcase name="TC_001_US_094_negative2 - without one required data #43" classname="US_094	Bir kullanıcı olarak &quot;/api/rooms&quot; sayfasına &quot;post&quot; tipinde bağlandığımda gönderilen bilgiler ile yeni bir oda değişimi ilanı oluşturabilmeylim." time="1.426"/>
  <testcase name="TC_001_US_094_negative2 - without one required data #44" classname="US_094	Bir kullanıcı olarak &quot;/api/rooms&quot; sayfasına &quot;post&quot; tipinde bağlandığımda gönderilen bilgiler ile yeni bir oda değişimi ilanı oluşturabilmeylim." time="1.538"/>
  <testcase name="TC_001_US_094_negative2 - without one required data #45" classname="US_094	Bir kullanıcı olarak &quot;/api/rooms&quot; sayfasına &quot;post&quot; tipinde bağlandığımda gönderilen bilgiler ile yeni bir oda değişimi ilanı oluşturabilmeylim." time="1.457"/>
  <testcase name="TC_001_US_094_negative2 - without one required data #46" classname="US_094	Bir kullanıcı olarak &quot;/api/rooms&quot; sayfasına &quot;post&quot; tipinde bağlandığımda gönderilen bilgiler ile yeni bir oda değişimi ilanı oluşturabilmeylim." time="1.439"/>
  <testcase name="TC_001_US_094_negative2 - without one required data #47" classname="US_094	Bir kullanıcı olarak &quot;/api/rooms&quot; sayfasına &quot;post&quot; tipinde bağlandığımda gönderilen bilgiler ile yeni bir oda değişimi ilanı oluşturabilmeylim." time="1.465"/>
  <testcase name="TC_001_US_094_negative2 - without one required data #48" classname="US_094	Bir kullanıcı olarak &quot;/api/rooms&quot; sayfasına &quot;post&quot; tipinde bağlandığımda gönderilen bilgiler ile yeni bir oda değişimi ilanı oluşturabilmeylim." time="1.315"/>
  <testcase name="TC_001_US_094_negative2 - without one required data #49" classname="US_094	Bir kullanıcı olarak &quot;/api/rooms&quot; sayfasına &quot;post&quot; tipinde bağlandığımda gönderilen bilgiler ile yeni bir oda değişimi ilanı oluşturabilmeylim." time="1.739"/>
  <testcase name="TC_001_US_094_negative2 - without one required data #50" classname="US_094	Bir kullanıcı olarak &quot;/api/rooms&quot; sayfasına &quot;post&quot; tipinde bağlandığımda gönderilen bilgiler ile yeni bir oda değişimi ilanı oluşturabilmeylim." time="1.47"/>
  <testcase name="TC_001_US_094_negative2 - without one required data #51" classname="US_094	Bir kullanıcı olarak &quot;/api/rooms&quot; sayfasına &quot;post&quot; tipinde bağlandığımda gönderilen bilgiler ile yeni bir oda değişimi ilanı oluşturabilmeylim." time="1.467"/>
  <testcase name="TC_001_US_094_negative2 - without one required data #52" classname="US_094	Bir kullanıcı olarak &quot;/api/rooms&quot; sayfasına &quot;post&quot; tipinde bağlandığımda gönderilen bilgiler ile yeni bir oda değişimi ilanı oluşturabilmeylim." time="1.533"/>
  <testcase name="TC_001_US_094_negative2 - without one required data #53" classname="US_094	Bir kullanıcı olarak &quot;/api/rooms&quot; sayfasına &quot;post&quot; tipinde bağlandığımda gönderilen bilgiler ile yeni bir oda değişimi ilanı oluşturabilmeylim." time="1.538"/>
  <testcase name="TC_001_US_094_negative2 - without one required data #54" classname="US_094	Bir kullanıcı olarak &quot;/api/rooms&quot; sayfasına &quot;post&quot; tipinde bağlandığımda gönderilen bilgiler ile yeni bir oda değişimi ilanı oluşturabilmeylim." time="1.533"/>
  <testcase name="TC_001_US_094_negative2 - without one required data #55" classname="US_094	Bir kullanıcı olarak &quot;/api/rooms&quot; sayfasına &quot;post&quot; tipinde bağlandığımda gönderilen bilgiler ile yeni bir oda değişimi ilanı oluşturabilmeylim." time="1.54"/>
  <testcase name="TC_001_US_094_negative2 - without one required data #56" classname="US_094	Bir kullanıcı olarak &quot;/api/rooms&quot; sayfasına &quot;post&quot; tipinde bağlandığımda gönderilen bilgiler ile yeni bir oda değişimi ilanı oluşturabilmeylim." time="1.535"/>
  <testcase name="TC_001_US_012 sifremi unuttum should be visible and enabled" classname="US_12 Bir kullanıcı olarak &quot;/login&quot; sayfasına girdiğimde, şifremi unuttum bölümüne ulaşabilmeliyim" time="8.826"/>
  <testcase name="TC_002_US_012 sifremi unuttum should be underlined" classname="US_12 Bir kullanıcı olarak &quot;/login&quot; sayfasına girdiğimde, şifremi unuttum bölümüne ulaşabilmeliyim" time="8.686"/>
  <testcase name="TC_003_US_012 sifremi unuttum should redirect to the &quot;http://test.kese.nl/forgot_password&quot;" classname="US_12 Bir kullanıcı olarak &quot;/login&quot; sayfasına girdiğimde, şifremi unuttum bölümüne ulaşabilmeliyim" time="9.57"/>
  <testcase name="TC_001_US_021 and TC_002_US_021" classname="US_021	Bir kullanıcı olarak &quot;/signup&quot; sayfasına girdiğimde, kullanıcı kaydı oluşturmak için aynı şifreyi 2 kez girmeliyim." time="11.576"/>
  <testcase name="TC_001_US_022 and TC_002_US_022 #1" classname="US_022	Bir kullanıcı olarak &quot;/forgot_password&quot; sayfasına girdiğimde, email adresime şifre sıfırlama linki gönderebilmeliyim." time="9.139"/>
  <testcase name="TC_001_US_022 and TC_002_US_022 #2" classname="US_022	Bir kullanıcı olarak &quot;/forgot_password&quot; sayfasına girdiğimde, email adresime şifre sıfırlama linki gönderebilmeliyim." time="9.241"/>
  <testcase name="TC_001_US_096" classname="US_096	Bir kullanıcı olarak &quot;/api/rooms/{id}&quot; sayfasına &quot;delete&quot; tipinde bağlandığımda ilanı sistemden kaldırabilmeliyim." time="2.641"/>
</testsuite>